<?xml version="1.0" encoding="UTF-8"?>
<!-- Generated by org.testng.reporters.JUnitXMLReporter -->
<testsuite ignored="0" hostname="Vaishali" failures="0" tests="3" name="Test" time="27.691" errors="0" timestamp="2025-05-16T13:02:21 IST">
  <testcase classname="testcases.RegisterTestCases" name="verifyRegisterationWithInBlankData" time="2.447"/>
  <testcase classname="testcases.RegisterTestCases" name="verifyRegisterationWithValidData" time="4.582"/>
  <testcase classname="testcases.LoginTestCases" name="invalidLoginTest" time="6.324"/>
</testsuite> <!-- Test -->
